This file contains any messages produced by compilers while
running configure, to aid debugging if configure makes a mistake.

configure:736: checking for a BSD compatible install
configure:789: checking whether build environment is sane
configure:846: checking whether make sets ${MAKE}
configure:892: checking for working aclocal-1.4
configure:905: checking for working autoconf
configure:918: checking for working automake-1.4
configure:931: checking for working autoheader
configure:944: checking for working makeinfo
configure:963: checking for strerror in -lcposix
configure:1007: checking for gcc
configure:1120: checking whether the C compiler (gcc  ) works
configure:1136: gcc -o conftest    conftest.c  1>&5
configure:1162: checking whether the C compiler (gcc  ) is a cross-compiler
configure:1167: checking whether we are using GNU C
configure:1195: checking whether gcc accepts -g
configure:1230: checking for gcc option to accept ANSI C
configure:1307: checking how to run the C preprocessor
configure:1387: checking for ANSI C header files
configure:1491: checking how to run the C preprocessor
configure:1575: checking for c++
configure:1607: checking whether the C++ compiler (c++  ) works
configure:1623: c++ -o conftest    conftest.C  1>&5
configure:1649: checking whether the C++ compiler (c++  ) is a cross-compiler
configure:1654: checking whether we are using GNU C++
configure:1682: checking whether c++ accepts -g
configure:1714: checking how to run the C++ preprocessor
configure:1768: checking for Cygwin environment
configure:1801: checking for mingw32 environment
configure:1905: checking host system type
configure:1926: checking build system type
configure:1955: checking for ld used by GCC
configure:2023: checking if the linker (/usr/bin/ld) is GNU ld
configure:2040: checking for /usr/bin/ld option to reload object files
configure:2052: checking for BSD-compatible nm
configure:2090: checking for a sed that does not truncate output
configure:2174: checking whether ln -s works
configure:2195: checking how to recognise dependent libraries
configure:2381: checking for object suffix
configure:2407: checking for executable suffix
configure:2448: checking command to parse /usr/bin/nm -B output
configure:2634: checking for dlfcn.h
configure:2813: checking for ranlib
configure:2880: checking for strip
configure:2982: gcc -c -g -O2  conftest.c 1>&5
configure:3137: checking for objdir
configure:3164: checking for gcc option to produce PIC
configure:3312: checking if gcc PIC flag  -fPIC works
configure:3378: checking if gcc static flag  works
configure:3420: checking if gcc supports -c -o file.o
configure:3468: checking if gcc supports -c -o file.lo
configure:3536: checking if gcc supports -fno-rtti -fno-exceptions
configure:3549: gcc -c -g -O2 -fno-rtti -fno-exceptions -c conftest.c  conftest.c 1>&5
configure:3576: checking whether the linker (/usr/bin/ld) supports shared libraries
configure:4275: checking how to hardcode library paths into programs
configure:4303: checking whether stripping libraries is possible
configure:4317: checking dynamic linker characteristics
configure:4735: checking if libtool supports shared libraries
configure:4739: checking whether to build shared libraries
configure:4762: checking whether to build static libraries
configure:5298: checking whether -lc should be explicitly linked in
configure:5952: checking for gtkmm-config
configure:5988: checking for GTK-- - version >= 1.2.10
configure:6102: c++ -o conftest -g -O2 -I/usr/lib/gtkmm/include -I/usr/include/gtk-1.2 -I/usr/include/glib-1.2 -I/usr/lib/glib/include -I/usr/X11R6/include -I/usr/lib/sigc++-1.0/include -I/usr/include/sigc++-1.0   conftest.C  -rdynamic -L/usr/lib -L/usr/X11R6/lib -lgtkmm -lgdkmm -lgtk -lgdk -lgmodule -lglib -ldl -lXi -lXext -lX11 -lm -lsigc -lpthread 1>&5
