This file contains any messages produced by compilers while
running configure, to aid debugging if configure makes a mistake.

configure:613: checking host system type
configure:634: checking target system type
configure:652: checking build system type
configure:712: checking for a BSD compatible install
configure:769: checking for -p flag to install
configure:792: checking whether build environment is sane
configure:830: checking whether make sets ${MAKE}
configure:876: checking for working aclocal-1.4
configure:889: checking for working autoconf
configure:902: checking for working automake-1.4
configure:915: checking for working autoheader
configure:928: checking for working makeinfo
configure:1059: checking for gcc
configure:1172: checking whether the C compiler (gcc   -lodbc -pthread -Wl,--version-script,/home/hfs/wxX11-2.4.2/version-script -L/usr/X11R6/lib -lXm -lXmu -lXext -lXt -lSM -lICE -lX11 -lpng -ljpeg -ltiff -lz -ldl -lm) works
configure:1188: gcc -o conftest    -lodbc -pthread -Wl,--version-script,/home/hfs/wxX11-2.4.2/version-script -L/usr/X11R6/lib -lXm -lXmu -lXext -lXt -lSM -lICE -lX11 -lpng -ljpeg -ltiff -lz -ldl -lm conftest.c  1>&5
configure:1214: checking whether the C compiler (gcc   -lodbc -pthread -Wl,--version-script,/home/hfs/wxX11-2.4.2/version-script -L/usr/X11R6/lib -lXm -lXmu -lXext -lXt -lSM -lICE -lX11 -lpng -ljpeg -ltiff -lz -ldl -lm) is a cross-compiler
configure:1219: checking whether we are using GNU C
configure:1228: gcc -E conftest.c
configure:1247: checking whether gcc accepts -g
configure:1280: checking how to run the C preprocessor
configure:1393: checking for c++
configure:1425: checking whether the C++ compiler (g++  -O0 -g3 -I/usr/local/include -I/usr/local/lib/wx/include/motif-2.4 -I/usr/local/include -INONE -I/usr/X11R6/include -D_FILE_OFFSET_BITS=64 -D_LARGE_FILES -D__WXMOTIF__ -O2 -MMD -pthread -Wall -lodbc -pthread -Wl,--version-script,/home/hfs/wxX11-2.4.2/version-script -L/usr/X11R6/lib -lXm -lXmu -lXext -lXt -lSM -lICE -lX11 -lpng -ljpeg -ltiff -lz -ldl -lm) works
configure:1446: rm -rf SunWS_cache; g++ -o conftest  -O0 -g3 -I/usr/local/include -I/usr/local/lib/wx/include/motif-2.4 -I/usr/local/include -INONE -I/usr/X11R6/include -D_FILE_OFFSET_BITS=64 -D_LARGE_FILES -D__WXMOTIF__ -O2 -MMD -pthread -Wall  -lodbc -pthread -Wl,--version-script,/home/hfs/wxX11-2.4.2/version-script -L/usr/X11R6/lib -lXm -lXmu -lXext -lXt -lSM -lICE -lX11 -lpng -ljpeg -ltiff -lz -ldl -lm conftest.C  1>&5
configure:1472: checking whether the C++ compiler (g++  -O0 -g3 -I/usr/local/include -I/usr/local/lib/wx/include/motif-2.4 -I/usr/local/include -INONE -I/usr/X11R6/include -D_FILE_OFFSET_BITS=64 -D_LARGE_FILES -D__WXMOTIF__ -O2 -MMD -pthread -Wall -lodbc -pthread -Wl,--version-script,/home/hfs/wxX11-2.4.2/version-script -L/usr/X11R6/lib -lXm -lXmu -lXext -lXt -lSM -lICE -lX11 -lpng -ljpeg -ltiff -lz -ldl -lm) is a cross-compiler
configure:1477: checking whether we are using GNU C++
configure:1486: g++ -E conftest.C
configure:1505: checking whether g++ accepts -g
configure:1994: checking whether g++ supports -fno-exceptions
configure:2021: rm -rf SunWS_cache; g++ -o conftest -O2  -O0 -g3 -I/usr/local/include -I/usr/local/lib/wx/include/motif-2.4 -I/usr/local/include -INONE -I/usr/X11R6/include -D_FILE_OFFSET_BITS=64 -D_LARGE_FILES -D__WXMOTIF__ -O2 -MMD -pthread -Wall -fno-exceptions  -lodbc -pthread -Wl,--version-script,/home/hfs/wxX11-2.4.2/version-script -L/usr/X11R6/lib -lXm -lXmu -lXext -lXt -lSM -lICE -lX11 -lpng -ljpeg -ltiff -lz -ldl -lm conftest.C  1>&5
configure:2052: checking whether g++ supports -fno-check-new
configure:2079: rm -rf SunWS_cache; g++ -o conftest -O2  -O0 -g3 -I/usr/local/include -I/usr/local/lib/wx/include/motif-2.4 -I/usr/local/include -INONE -I/usr/X11R6/include -D_FILE_OFFSET_BITS=64 -D_LARGE_FILES -D__WXMOTIF__ -O2 -MMD -pthread -Wall -fno-exceptions -fno-check-new  -lodbc -pthread -Wl,--version-script,/home/hfs/wxX11-2.4.2/version-script -L/usr/X11R6/lib -lXm -lXmu -lXext -lXt -lSM -lICE -lX11 -lpng -ljpeg -ltiff -lz -ldl -lm conftest.C  1>&5
configure:2110: checking whether g++ supports -fexceptions
configure:2137: rm -rf SunWS_cache; g++ -o conftest -O2  -O0 -g3 -I/usr/local/include -I/usr/local/lib/wx/include/motif-2.4 -I/usr/local/include -INONE -I/usr/X11R6/include -D_FILE_OFFSET_BITS=64 -D_LARGE_FILES -D__WXMOTIF__ -O2 -MMD -pthread -Wall -fno-exceptions -fno-check-new -fexceptions  -lodbc -pthread -Wl,--version-script,/home/hfs/wxX11-2.4.2/version-script -L/usr/X11R6/lib -lXm -lXmu -lXext -lXt -lSM -lICE -lX11 -lpng -ljpeg -ltiff -lz -ldl -lm conftest.C  1>&5
configure:2627: checking how to run the C++ preprocessor
configure:2648: g++ -E  conftest.C >/dev/null 2>conftest.out
configure:2730: checking whether g++ supports -frepo
configure:2757: rm -rf SunWS_cache; g++ -o conftest -O2 -O0 -g3 -I/usr/local/include -I/usr/local/lib/wx/include/motif-2.4 -I/usr/local/include -INONE -I/usr/X11R6/include -D_FILE_OFFSET_BITS=64 -D_LARGE_FILES -D__WXMOTIF__ -O2 -MMD -pthread -Wall -fno-exceptions -fno-check-new -frepo  -lodbc -pthread -Wl,--version-script,/home/hfs/wxX11-2.4.2/version-script -L/usr/X11R6/lib -lXm -lXmu -lXext -lXt -lSM -lICE -lX11 -lpng -ljpeg -ltiff -lz -ldl -lm conftest.C  1>&5
conftest.C:1: warning: -frepo must be used with -c
configure:2986: checking for ld used by GCC
configure:3054: checking if the linker (/usr/bin/ld) is GNU ld
GNU ld version 2.13.90.0.18 20030121
configure:3071: checking for /usr/bin/ld option to reload object files
configure:3083: checking for BSD-compatible nm
configure:3121: checking whether ln -s works
configure:3142: checking how to recognise dependant libraries
configure:3463: checking for ranlib
configure:3530: checking for strip
configure:3702: checking for Cygwin environment
configure:3718: gcc -c -O2    conftest.c 1>&5
configure: In function `main':
configure:3714: `__CYGWIN32__' undeclared (first use in this function)
configure:3714: (Each undeclared identifier is reported only once
configure:3714: for each function it appears in.)
configure: failed program was:
#line 3707 "configure"
#include "confdefs.h"

int main() {

#ifndef __CYGWIN__
#define __CYGWIN__ __CYGWIN32__
#endif
return __CYGWIN__;
; return 0; }
configure:3735: checking for mingw32 environment
configure:3747: gcc -c -O2    conftest.c 1>&5
configure: In function `main':
configure:3743: `__MINGW32__' undeclared (first use in this function)
configure:3743: (Each undeclared identifier is reported only once
configure:3743: for each function it appears in.)
configure: failed program was:
#line 3740 "configure"
#include "confdefs.h"

int main() {
return __MINGW32__;
; return 0; }
ltcf-c.sh:need_lc: gcc -c -O2    conftest.c 1>&5
ltcf-c.sh:need_lc: gcc -shared conftest.  -v -Wl,-soname -Wl,conftest -o conftest
ltconfig:678:checking for gcc option to produce PIC
ltconfig:687:checking that gcc PIC flag -fPIC -DPIC works.
ltconfig:697: gcc -c -O2   -fPIC -DPIC -DPIC  conftest.c 1>&5
ltconfig:749: checking if gcc static flag -static works
ltconfig:758: gcc -o conftest -O2    -lodbc -pthread -Wl,--version-script,/home/hfs/wxX11-2.4.2/version-script -L/usr/X11R6/lib -lXm -lXmu -lXext -lXt -lSM -lICE -lX11 -lpng -ljpeg -ltiff -lz -ldl -lm -static conftest.c  1>&5
/usr/bin/ld: cannot find -lodbc
collect2: ld returned 1 exit status
ltconfig:780: finding the maximum length of command line arguments
ltconfig:@lineno@: result: 73729
ltconfig:829: checking if gcc supports -c -o file.o
ltconfig:830: gcc -c -O2   -o out/conftest2.o  conftest.c 1>&5
ltconfig:883: checking if gcc supports -fno-rtti -fno-exceptions
ltconfig:884: gcc -c -O2   -fno-rtti -fno-exceptions -c conftest.c  conftest.c 1>&5
ltconfig:1423: checking if global_symbol_pipe works
ltconfig:1424: gcc -c -O2    conftest.c 1>&5
ltconfig:1427: eval "/usr/bin/nm -B conftest.o | sed -n -e 's/^.*[ 	]\([ABCDGISTW]\)[ 	][ 	]*\(\)\([_A-Za-z][_A-Za-z0-9]*\)$/\1 \2\3 \3/p' > conftest.nm"
ltconfig:1479: gcc -o conftest -O2   -fno-builtin -fno-rtti -fno-exceptions  -lodbc -pthread -Wl,--version-script,/home/hfs/wxX11-2.4.2/version-script -L/usr/X11R6/lib -lXm -lXmu -lXext -lXt -lSM -lICE -lX11 -lpng -ljpeg -ltiff -lz -ldl -lm conftest.c conftstm.o 1>&5
ltconfig:1583: checking for dlopen in -ldl
ltconfig:1603: gcc -o conftest -O2   -fno-builtin -fno-rtti -fno-exceptions  -lodbc -pthread -Wl,--version-script,/home/hfs/wxX11-2.4.2/version-script -L/usr/X11R6/lib -lXm -lXmu -lXext -lXt -lSM -lICE -lX11 -lpng -ljpeg -ltiff -lz -ldl -lm conftest.c -ldl   1>&5
ltconfig:1863: checking for dlfcn.h
ltconfig:1874: gcc -c -O2   -fno-builtin -fno-rtti -fno-exceptions  conftest.c 1>&5 >/dev/null 2>conftest.out
ltconfig:1902: checking whether a program can dlopen itself
ltconfig:1957: gcc -o conftest -O2   -fno-builtin -fno-rtti -fno-exceptions  -DHAVE_DLFCN_H -lodbc -pthread -Wl,--version-script,/home/hfs/wxX11-2.4.2/version-script -L/usr/X11R6/lib -lXm -lXmu -lXext -lXt -lSM -lICE -lX11 -lpng -ljpeg -ltiff -lz -ldl -lm -Wl,--export-dynamic conftest.c -ldl  1>&5
ltconfig:1976: checking whether a statically linked program can dlopen itself
ltconfig:2031: gcc -o conftest -O2   -fno-builtin -fno-rtti -fno-exceptions  -DHAVE_DLFCN_H -lodbc -pthread -Wl,--version-script,/home/hfs/wxX11-2.4.2/version-script -L/usr/X11R6/lib -lXm -lXmu -lXext -lXt -lSM -lICE -lX11 -lpng -ljpeg -ltiff -lz -ldl -lm -Wl,--export-dynamic  conftest.c -ldl  1>&5
g++ -E conftest.cc
ltconfig:678:checking for g++ option to produce PIC
ltconfig:687:checking that g++ PIC flag -fPIC -DPIC works.
ltconfig:697: g++ -c -O2 -O0 -g3 -I/usr/local/include -I/usr/local/lib/wx/include/motif-2.4 -I/usr/local/include -INONE -I/usr/X11R6/include -D_FILE_OFFSET_BITS=64 -D_LARGE_FILES -D__WXMOTIF__ -O2 -MMD -pthread -Wall -fno-exceptions -fno-check-new -fPIC -DPIC -DPIC  conftest.cc 1>&5
ltconfig:749: checking if g++ static flag -static works
ltconfig:758: g++ -o conftest -O2 -O0 -g3 -I/usr/local/include -I/usr/local/lib/wx/include/motif-2.4 -I/usr/local/include -INONE -I/usr/X11R6/include -D_FILE_OFFSET_BITS=64 -D_LARGE_FILES -D__WXMOTIF__ -O2 -MMD -pthread -Wall -fno-exceptions -fno-check-new  -lodbc -pthread -Wl,--version-script,/home/hfs/wxX11-2.4.2/version-script -L/usr/X11R6/lib -lXm -lXmu -lXext -lXt -lSM -lICE -lX11 -lpng -ljpeg -ltiff -lz -ldl -lm -static conftest.cc  1>&5
/usr/bin/ld: cannot find -lodbc
collect2: ld returned 1 exit status
ltconfig:780: finding the maximum length of command line arguments
ltconfig:@lineno@: result: 73729
ltconfig:883: checking if g++ supports -fno-rtti -fno-exceptions
ltconfig:884: g++ -c -O2 -O0 -g3 -I/usr/local/include -I/usr/local/lib/wx/include/motif-2.4 -I/usr/local/include -INONE -I/usr/X11R6/include -D_FILE_OFFSET_BITS=64 -D_LARGE_FILES -D__WXMOTIF__ -O2 -MMD -pthread -Wall -fno-exceptions -fno-check-new -fno-rtti -fno-exceptions -c conftest.cc  conftest.cc 1>&5
ltconfig:1423: checking if global_symbol_pipe works
ltconfig:1424: g++ -c -O2 -O0 -g3 -I/usr/local/include -I/usr/local/lib/wx/include/motif-2.4 -I/usr/local/include -INONE -I/usr/X11R6/include -D_FILE_OFFSET_BITS=64 -D_LARGE_FILES -D__WXMOTIF__ -O2 -MMD -pthread -Wall -fno-exceptions -fno-check-new  conftest.cc 1>&5
ltconfig:1427: eval "/usr/bin/nm -B conftest.o | sed -n -e 's/^.*[ 	]\([ABCDGISTW]\)[ 	][ 	]*\(\)\([_A-Za-z][_A-Za-z0-9]*\)$/\1 \2\3 \3/p' > conftest.nm"
ltconfig:1479: g++ -o conftest -O2 -O0 -g3 -I/usr/local/include -I/usr/local/lib/wx/include/motif-2.4 -I/usr/local/include -INONE -I/usr/X11R6/include -D_FILE_OFFSET_BITS=64 -D_LARGE_FILES -D__WXMOTIF__ -O2 -MMD -pthread -Wall -fno-exceptions -fno-check-new -fno-builtin -fno-rtti -fno-exceptions  -lodbc -pthread -Wl,--version-script,/home/hfs/wxX11-2.4.2/version-script -L/usr/X11R6/lib -lXm -lXmu -lXext -lXt -lSM -lICE -lX11 -lpng -ljpeg -ltiff -lz -ldl -lm conftest.cc conftstm.o 1>&5
ltconfig:1863: checking for dlfcn.h
ltconfig:1902: checking whether a program can dlopen itself
ltconfig:1976: checking whether a statically linked program can dlopen itself
configure:3882: checking for object suffix
configure:3888: gcc -c -O2    conftest.c 1>&5
configure:3908: checking for executable suffix
configure:3918: gcc -o conftest -O2    -lodbc -pthread -Wl,--version-script,/home/hfs/wxX11-2.4.2/version-script -L/usr/X11R6/lib -lXm -lXmu -lXext -lXt -lSM -lICE -lX11 -lpng -ljpeg -ltiff -lz -ldl -lm conftest.c  1>&5
configure:4050: checking for extra includes
configure:4081: checking for extra libs
configure:4140: checking if plivrus should be compiled
