C:\LIVRUS~1\Console\Euphoria\livrus.ex:190 in function copy() 
slice starts past end of sequence (1 > 0) 
    str = {}
    ini = 1
    tam = 1

... called from C:\LIVRUS~1\Console\Euphoria\livrus.ex:453 in function validaISBN()  
    isbn = {56'8',53'5',45'-',55'7',49'1',57'9',52'4',45'-',53'5',51'3',51'3',
45'-',48'0'}
    snum = <no value>
    sdigito = {48'0'}
    sisbn = {}
    nvalor = <no value>
    nsoma = 10
    nstatus = <no value>
    ncont = 12
    ncont = 1

... called from C:\LIVRUS~1\Console\Euphoria\livrus.ex:2143 in procedure frmCadLigados()  
    sreg = 13
    sacao = 1
    sCodigo = {48'0',50'2',54'6',46'.',56'8',53'5',55'7',46'.',52'4',56'8',
52'4',45'-',55'7',52'4'}
    nQtd = 1
    nCont = 1
    nQtdEstoque = <no value>
    nstatus = <no value>
    nTotalPreco = 0
    slinha = {56'8',53'5',45'-',55'7',49'1',57'9',52'4',45'-',53'5',51'3',
51'3',45'-',48'0',86'V',105'i',115's',117'u',97'a',108'l',32' ',70'F',111'o',
120'x',80'P',114'r',111'o',32' ',53'5',46'.',48'0',32' ',32' ',32' ',32' ',
32' ',32' ',32' ',32' ',32' ',32' ',32' ',32' ',32' ',32' ',32' ',32' ',
32' ',32' ',32' ',32' ',32' ',32' ',32' ',32' ',32' ',32' ',32' ',32' ',
32' ',32' ',32' ',32' ',32' ',56'8',32' ',32' ',32' ',32' ',32' ',32' ',
32' ',32' ',32' ',50'2',48'0',48'0',49'1',32' ',32' ',32' ',32' ',32' ',
32' ',50'2',32' ',32' ',32' ',32' ',32' ',32' ',32' ',32' ',32' ',49'1',
32' ',32' ',32' ',32' ',32' ',32' ',32' ',32' ',32' ',50'2',32' ',32' ',
32' ',32' ',32' ',32' ',32' ',32' ',32' ',53'5',56'8',51'3',32' ',32' ',
32' ',32' ',32' ',32' ',32' ',51'3',53'5',46'.',56'8',32' ',32' ',32' ',
32' ',32' ',32' ',49'1',49'1',32' ',32' ',32' ',32' ',32' ',32' ',32' ',
32' '}
    sTotalPreco = <no value>
    sPreco = <no value>
    sQtd = {49'1'}

... called from C:\LIVRUS~1\Console\Euphoria\livrus.ex:2464 in procedure frmCadastros()  
    sreg = 13
    sacao = 1
    slinha = {48'0',50'2',54'6',46'.',56'8',53'5',55'7',46'.',52'4',56'8',
52'4',45'-',55'7',52'4',72'H',69'E',78'N',82'R',73'I',81'Q',85'U',69'E',
32' ',70'F',73'I',71'G',85'U',69'E',73'I',82'R',69'E',68'D',79'O',32' ',
68'D',69'E',32' ',83'S',79'O',85'U',90'Z',65'A',32' ',32' ',104'h',102'f',
115's',50'2',48'0',48'0',48'0',64'@',98'b',111'o',108'l',46'.',99'c',111'o',
109'm',46'.',98'b',114'r',32' ',32' ',32' ',32' ',32' ',32' ',32' ',32' ',
32' ',32' ',32' ',32' ',52'4',53'5',56'8',54'6',57'9',56'8',54'6',56'8',
32' ',32' ',77'M',51'3',51'3',51'3',57'9',51'3',55'7',57'9',49'1',32' ',
32' ',32' ',32' ',32' ',32' ',32' ',32' ',32' ',49'1',52'4',47'/',48'0',
53'5',47'/',49'1',57'9',55'7',56'8',49'1',32' ',32' ',32' ',32' ',32' ',
32' ',32' ',32' ',32' ',66'B',82'R',65'A',49'1',32' ',32' ',32' ',32' ',
32' ',32' ',32' ',32' ',32' '}

... called from C:\LIVRUS~1\Console\Euphoria\livrus.ex:2640 in procedure subMenu()  
    nmenu = 6
    sreg = 13
    opSubMenu = 1
    opCSubMenu = <no value>
    bSOp = 1

... called from C:\LIVRUS~1\Console\Euphoria\livrus.ex:2713 in procedure usaMenu()  
    num = 3
    opSubMenu = 1
    bSOp = 1
    opSair = <no value>

... called from C:\LIVRUS~1\Console\Euphoria\livrus.ex:2754 in procedure main()  

... called from C:\LIVRUS~1\Console\Euphoria\livrus.ex:2766 

Global & Local Variables

 C:\Comps\EUPHORIA\include\get.e:
    input_file = <no value>
    input_string = {49'1'}
    string_next = 2
    ch = -1

 C:\Comps\EUPHORIA\include\misc.e:
    pretty_end_col = <no value>
    pretty_chars = <no value>
    pretty_start_col = <no value>
    pretty_level = <no value>
    pretty_file = <no value>
    pretty_ascii = <no value>
    pretty_indent = <no value>
    pretty_ascii_min = <no value>
    pretty_ascii_max = <no value>
    pretty_fp_format = <no value>
    pretty_int_format = <no value>
    pretty_line = <no value>

 C:\Comps\EUPHORIA\include\file.e:
    SLASH = 92'\'
    my_dir = -2

 C:\LIVRUS~1\Console\Euphoria\livrus.ex:
    tAssunto = {
                 {1,{}},
                 {2,{}}
               }
    tAutor = {
               {1,{}},
               {2,{}}
             }
    tEditora = {
                 {1,{}},
                 {2,{}}
               }
    tIdioma = {
                {1,{}},
                {2,{}}
              }
    tUsuario = {
                 {97'a',100'd',109'm',105'i',110'n'},
                 {116't',101'e',115's',116't',101'e'}
               }
    tPais = {
              {1,{}},
              {2,{}}
            }
    tProfissao = {
                   {1,{}},
                   {2,{}}
                 }
    tLivro = {
               {1,{}},
               {2,{}},
               {3,{}},
               {4,{}},
               {5,{}},
               {6,{}},
               {7,{}},
               {8,{}},
               {9,{}},
               {10,{}}
             }
    tLivroAss = {
                  {1,{}},
                  {2,{}}
                }
    tLivroAut = {
                  {1,{}},
                  {2,{}}
                }
    tCliente = {
                 {1,{}},
                 {2,{}},
                 {3,{}},
                 {4,{}},
                 {5,{}},
                 {6,{}},
                 {7,{}},
                 {8,{}},
                 {9,{}},
                 {10,{}}
               }
    tEndereco = {
                  {1,{}},
                  {2,{}},
                  {3,{}},
                  {4,{}},
                  {5,{}},
                  {6,{}}
                }
    tVenda = {
               {51'3',48'0',47'/',48'0',57'9',47'/',50'2',48'0',48'0',52'4',
32' ',50'2',48'0',58':',48'0',56'8',58':',48'0',57'9'},
               {48'0',50'2',54'6',46'.',56'8',53'5',55'7',46'.',52'4',56'8',
52'4',45'-',55'7',52'4'},
               {56'8',53'5',45'-',55'7',49'1',57'9',52'4',45'-',53'5',51'3',
51'3',45'-',48'0'},
               {4,{}}
             }
    tfAssunto = 3
    tfAutor = 4
    tfEditora = 5
    tfIdioma = 6
    tfEndereco = 7
    tfPais = 8
    tfProfissao = 9
    tfLivro = 10
    tfLivroAss = 11
    tfLivroAut = 12
    tfCliente = 13
    tfUsuario = 14
    tfVenda = 15
    bopcao = 1
    opmenu = {118'v'}
    g_nPreco = <no value>
    g_nPosChave = 1
    g_nTamChave = 13
    g_SalvarInclusao = <no value>

Warning: private variable nstatus in validaISBN() in livrus.ex is not used

