This file contains any messages produced by compilers while
running configure, to aid debugging if configure makes a mistake.

configure:613: checking host system type
configure:634: checking target system type
configure:652: checking build system type
configure:712: checking for a BSD compatible install
configure:769: checking for -p flag to install
configure:792: checking whether build environment is sane
configure:830: checking whether make sets ${MAKE}
configure:876: checking for working aclocal-1.4
configure:889: checking for working autoconf
configure:902: checking for working automake-1.4
configure:915: checking for working autoheader
configure:928: checking for working makeinfo
configure:1059: checking for gcc
configure:1172: checking whether the C compiler (gcc   -DHAVE_XSHM_H=1 -D_GNU_SOURCE -DHAVE_JPEG_H=1 -DHAVE_PNG_H=1 -DHAVE_TIFF_H=1 -DHAVE_ZLIB_H=1 -DHAVE_XCURSOR_H=1 -Wall -W -Wmissing-prototypes -Woverloaded-virtual -Wformat -DHAVE_GL_H=1 -DSUN_OGL_NO_VERTEX_MACROS -DHPOGL_SUPPRESS_FAST_API -DHAVE_GLU_H=1 -I/usr/X11R6/include /usr/local/lib/libFOX-1.2.so -L/usr/X11R6/lib -lXcursor -ldl /usr/lib/libjpeg.so -lpng -ltiff -lz -lm /usr/X11R6/lib/libGLU.so /usr/X11R6/lib/libGL.so -lSM -lICE -lXmu -lXext -lXi -lX11 -lpthread -lsupc++ -lgcc_s -Wl,--rpath -Wl,/usr/local/lib -lodbc -L/usr/local/lib) works
configure:1188: gcc -o conftest    -DHAVE_XSHM_H=1 -D_GNU_SOURCE -DHAVE_JPEG_H=1 -DHAVE_PNG_H=1 -DHAVE_TIFF_H=1 -DHAVE_ZLIB_H=1 -DHAVE_XCURSOR_H=1 -Wall -W -Wmissing-prototypes -Woverloaded-virtual -Wformat -DHAVE_GL_H=1 -DSUN_OGL_NO_VERTEX_MACROS -DHPOGL_SUPPRESS_FAST_API -DHAVE_GLU_H=1 -I/usr/X11R6/include /usr/local/lib/libFOX-1.2.so -L/usr/X11R6/lib -lXcursor -ldl /usr/lib/libjpeg.so -lpng -ltiff -lz -lm /usr/X11R6/lib/libGLU.so /usr/X11R6/lib/libGL.so -lSM -lICE -lXmu -lXext -lXi -lX11 -lpthread -lsupc++ -lgcc_s -Wl,--rpath -Wl,/usr/local/lib -lodbc -L/usr/local/lib conftest.c  1>&5
cc1: warning: ignoring command line option '-Woverloaded-virtual'
cc1: warning: (it is valid for C++ but not the selected language)
configure:1185: warning: return type defaults to `int'
configure:1214: checking whether the C compiler (gcc   -DHAVE_XSHM_H=1 -D_GNU_SOURCE -DHAVE_JPEG_H=1 -DHAVE_PNG_H=1 -DHAVE_TIFF_H=1 -DHAVE_ZLIB_H=1 -DHAVE_XCURSOR_H=1 -Wall -W -Wmissing-prototypes -Woverloaded-virtual -Wformat -DHAVE_GL_H=1 -DSUN_OGL_NO_VERTEX_MACROS -DHPOGL_SUPPRESS_FAST_API -DHAVE_GLU_H=1 -I/usr/X11R6/include /usr/local/lib/libFOX-1.2.so -L/usr/X11R6/lib -lXcursor -ldl /usr/lib/libjpeg.so -lpng -ltiff -lz -lm /usr/X11R6/lib/libGLU.so /usr/X11R6/lib/libGL.so -lSM -lICE -lXmu -lXext -lXi -lX11 -lpthread -lsupc++ -lgcc_s -Wl,--rpath -Wl,/usr/local/lib -lodbc -L/usr/local/lib) is a cross-compiler
configure:1219: checking whether we are using GNU C
configure:1247: checking whether gcc accepts -g
configure:1280: checking how to run the C preprocessor
configure:1393: checking for c++
configure:1425: checking whether the C++ compiler (g++  -O0 -g3 -DPACKAGE_NAME="" -DPACKAGE_TARNAME="" -DPACKAGE_VERSION="" -DPACKAGE_STRING="" -DPACKAGE_BUGREPORT="" -DPACKAGE="fox" -DVERSION="1.2.13" -DSTDC_HEADERS=1 -DHAVE_SYS_TYPES_H=1 -DHAVE_SYS_STAT_H=1 -DHAVE_STDLIB_H=1 -DHAVE_STRING_H=1 -DHAVE_MEMORY_H=1 -DHAVE_STRINGS_H=1 -DHAVE_INTTYPES_H=1 -DHAVE_STDINT_H=1 -DHAVE_UNISTD_H=1 -DHAVE_DLFCN_H=1 -DTIME_WITH_SYS_TIME=1 -DHAVE_SYS_WAIT_H=1 -DHAVE_DIRENT_H=1 -DHAVE_UNISTD_H=1 -DHAVE_SYS_PARAM_H=1 -DHAVE_SYS_SELECT_H=1 -DHAVE_PNG_H=1 -DHAVE_TIFF_H=1 -DHAVE_ZLIB_H=1 -DHAVE_VSSCANF=1 -DHAVE_VSNPRINTF=1 -DHAVE_LIBDL=1 -I/usr/local/include/fox-1.2 -DHAVE_XSHM_H=1 -D_GNU_SOURCE -DHAVE_JPEG_H=1 -DHAVE_PNG_H=1 -DHAVE_TIFF_H=1 -DHAVE_ZLIB_H=1 -DHAVE_XCURSOR_H=1 -Wall -W -Wmissing-prototypes -Woverloaded-virtual -Wformat -DHAVE_GL_H=1 -DSUN_OGL_NO_VERTEX_MACROS -DHPOGL_SUPPRESS_FAST_API -DHAVE_GLU_H=1 -I/usr/X11R6/include -I/usr/local/include -DHAVE_XSHM_H=1 -D_GNU_SOURCE -DHAVE_JPEG_H=1 -DHAVE_PNG_H=1 -DHAVE_TIFF_H=1 -DHAVE_ZLIB_H=1 -DHAVE_XCURSOR_H=1 -Wall -W -Wmissing-prototypes -Woverloaded-virtual -Wformat -DHAVE_GL_H=1 -DSUN_OGL_NO_VERTEX_MACROS -DHPOGL_SUPPRESS_FAST_API -DHAVE_GLU_H=1 -I/usr/X11R6/include /usr/local/lib/libFOX-1.2.so -L/usr/X11R6/lib -lXcursor -ldl /usr/lib/libjpeg.so -lpng -ltiff -lz -lm /usr/X11R6/lib/libGLU.so /usr/X11R6/lib/libGL.so -lSM -lICE -lXmu -lXext -lXi -lX11 -lpthread -lsupc++ -lgcc_s -Wl,--rpath -Wl,/usr/local/lib -lodbc -L/usr/local/lib) works
configure:1446: rm -rf SunWS_cache; g++ -o conftest  -O0 -g3 -DPACKAGE_NAME="" -DPACKAGE_TARNAME="" -DPACKAGE_VERSION="" -DPACKAGE_STRING="" -DPACKAGE_BUGREPORT="" -DPACKAGE="fox" -DVERSION="1.2.13" -DSTDC_HEADERS=1 -DHAVE_SYS_TYPES_H=1 -DHAVE_SYS_STAT_H=1 -DHAVE_STDLIB_H=1 -DHAVE_STRING_H=1 -DHAVE_MEMORY_H=1 -DHAVE_STRINGS_H=1 -DHAVE_INTTYPES_H=1 -DHAVE_STDINT_H=1 -DHAVE_UNISTD_H=1 -DHAVE_DLFCN_H=1 -DTIME_WITH_SYS_TIME=1 -DHAVE_SYS_WAIT_H=1 -DHAVE_DIRENT_H=1 -DHAVE_UNISTD_H=1 -DHAVE_SYS_PARAM_H=1 -DHAVE_SYS_SELECT_H=1 -DHAVE_PNG_H=1 -DHAVE_TIFF_H=1 -DHAVE_ZLIB_H=1 -DHAVE_VSSCANF=1 -DHAVE_VSNPRINTF=1 -DHAVE_LIBDL=1 -I/usr/local/include/fox-1.2 -DHAVE_XSHM_H=1 -D_GNU_SOURCE -DHAVE_JPEG_H=1 -DHAVE_PNG_H=1 -DHAVE_TIFF_H=1 -DHAVE_ZLIB_H=1 -DHAVE_XCURSOR_H=1 -Wall -W -Wmissing-prototypes -Woverloaded-virtual -Wformat -DHAVE_GL_H=1 -DSUN_OGL_NO_VERTEX_MACROS -DHPOGL_SUPPRESS_FAST_API -DHAVE_GLU_H=1 -I/usr/X11R6/include -I/usr/local/include  -DHAVE_XSHM_H=1 -D_GNU_SOURCE -DHAVE_JPEG_H=1 -DHAVE_PNG_H=1 -DHAVE_TIFF_H=1 -DHAVE_ZLIB_H=1 -DHAVE_XCURSOR_H=1 -Wall -W -Wmissing-prototypes -Woverloaded-virtual -Wformat -DHAVE_GL_H=1 -DSUN_OGL_NO_VERTEX_MACROS -DHPOGL_SUPPRESS_FAST_API -DHAVE_GLU_H=1 -I/usr/X11R6/include /usr/local/lib/libFOX-1.2.so -L/usr/X11R6/lib -lXcursor -ldl /usr/lib/libjpeg.so -lpng -ltiff -lz -lm /usr/X11R6/lib/libGLU.so /usr/X11R6/lib/libGL.so -lSM -lICE -lXmu -lXext -lXi -lX11 -lpthread -lsupc++ -lgcc_s -Wl,--rpath -Wl,/usr/local/lib -lodbc -L/usr/local/lib conftest.C  1>&5
In file included from configure:1441:
confdefs.h:2:1: warning: "PACKAGE" redefined
conftest.C:1:1: warning: this is the location of the previous definition
confdefs.h:3:1: warning: "VERSION" redefined
conftest.C:1:1: warning: this is the location of the previous definition
configure:1472: checking whether the C++ compiler (g++  -O0 -g3 -DPACKAGE_NAME="" -DPACKAGE_TARNAME="" -DPACKAGE_VERSION="" -DPACKAGE_STRING="" -DPACKAGE_BUGREPORT="" -DPACKAGE="fox" -DVERSION="1.2.13" -DSTDC_HEADERS=1 -DHAVE_SYS_TYPES_H=1 -DHAVE_SYS_STAT_H=1 -DHAVE_STDLIB_H=1 -DHAVE_STRING_H=1 -DHAVE_MEMORY_H=1 -DHAVE_STRINGS_H=1 -DHAVE_INTTYPES_H=1 -DHAVE_STDINT_H=1 -DHAVE_UNISTD_H=1 -DHAVE_DLFCN_H=1 -DTIME_WITH_SYS_TIME=1 -DHAVE_SYS_WAIT_H=1 -DHAVE_DIRENT_H=1 -DHAVE_UNISTD_H=1 -DHAVE_SYS_PARAM_H=1 -DHAVE_SYS_SELECT_H=1 -DHAVE_PNG_H=1 -DHAVE_TIFF_H=1 -DHAVE_ZLIB_H=1 -DHAVE_VSSCANF=1 -DHAVE_VSNPRINTF=1 -DHAVE_LIBDL=1 -I/usr/local/include/fox-1.2 -DHAVE_XSHM_H=1 -D_GNU_SOURCE -DHAVE_JPEG_H=1 -DHAVE_PNG_H=1 -DHAVE_TIFF_H=1 -DHAVE_ZLIB_H=1 -DHAVE_XCURSOR_H=1 -Wall -W -Wmissing-prototypes -Woverloaded-virtual -Wformat -DHAVE_GL_H=1 -DSUN_OGL_NO_VERTEX_MACROS -DHPOGL_SUPPRESS_FAST_API -DHAVE_GLU_H=1 -I/usr/X11R6/include -I/usr/local/include -DHAVE_XSHM_H=1 -D_GNU_SOURCE -DHAVE_JPEG_H=1 -DHAVE_PNG_H=1 -DHAVE_TIFF_H=1 -DHAVE_ZLIB_H=1 -DHAVE_XCURSOR_H=1 -Wall -W -Wmissing-prototypes -Woverloaded-virtual -Wformat -DHAVE_GL_H=1 -DSUN_OGL_NO_VERTEX_MACROS -DHPOGL_SUPPRESS_FAST_API -DHAVE_GLU_H=1 -I/usr/X11R6/include /usr/local/lib/libFOX-1.2.so -L/usr/X11R6/lib -lXcursor -ldl /usr/lib/libjpeg.so -lpng -ltiff -lz -lm /usr/X11R6/lib/libGLU.so /usr/X11R6/lib/libGL.so -lSM -lICE -lXmu -lXext -lXi -lX11 -lpthread -lsupc++ -lgcc_s -Wl,--rpath -Wl,/usr/local/lib -lodbc -L/usr/local/lib) is a cross-compiler
configure:1477: checking whether we are using GNU C++
configure:1505: checking whether g++ accepts -g
configure:1994: checking whether g++ supports -fno-exceptions
configure:2052: checking whether g++ supports -fno-check-new
configure:2110: checking whether g++ supports -fexceptions
configure:2627: checking how to run the C++ preprocessor
configure:2730: checking whether g++ supports -frepo
configure:2986: checking for ld used by GCC
configure:3054: checking if the linker (/usr/bin/ld) is GNU ld
configure:3071: checking for /usr/bin/ld option to reload object files
configure:3083: checking for BSD-compatible nm
configure:3121: checking whether ln -s works
configure:3142: checking how to recognise dependant libraries
configure:3463: checking for ranlib
configure:3530: checking for strip
configure:3702: checking for Cygwin environment
configure:3735: checking for mingw32 environment
ltconfig:678:checking for gcc option to produce PIC
ltconfig:687:checking that gcc PIC flag  -fPIC -DPIC works.
ltconfig:749: checking if gcc static flag  works
ltconfig:780: finding the maximum length of command line arguments
ltconfig:@lineno@: result: 73729
ltconfig:883: checking if gcc supports -fno-rtti -fno-exceptions
ltconfig:884: gcc -c -O2   -fno-rtti -fno-exceptions -c conftest.c  conftest.c 1>&5
ltconfig:1423: checking if global_symbol_pipe works
ltconfig:1424: gcc -c -O2    conftest.c 1>&5
ltconfig:1427: eval "/usr/bin/nm -B conftest.o | sed -n -e 's/^.*[ 	]\([ABCDGISTW]\)[ 	][ 	]*\(\)\([_A-Za-z][_A-Za-z0-9]*\)$/\1 \2\3 \3/p' > conftest.nm"
ltconfig:1479: gcc -o conftest -O2   -fno-builtin -fno-rtti -fno-exceptions  -DHAVE_XSHM_H=1 -D_GNU_SOURCE -DHAVE_JPEG_H=1 -DHAVE_PNG_H=1 -DHAVE_TIFF_H=1 -DHAVE_ZLIB_H=1 -DHAVE_XCURSOR_H=1 -Wall -W -Wmissing-prototypes -Woverloaded-virtual -Wformat -DHAVE_GL_H=1 -DSUN_OGL_NO_VERTEX_MACROS -DHPOGL_SUPPRESS_FAST_API -DHAVE_GLU_H=1 -I/usr/X11R6/include /usr/local/lib/libFOX-1.2.so -L/usr/X11R6/lib -lXcursor -ldl /usr/lib/libjpeg.so -lpng -ltiff -lz -lm /usr/X11R6/lib/libGLU.so /usr/X11R6/lib/libGL.so -lSM -lICE -lXmu -lXext -lXi -lX11 -lpthread -lsupc++ -lgcc_s -Wl,--rpath -Wl,/usr/local/lib -lodbc -L/usr/local/lib conftest.c conftstm.o 1>&5
cc1: warning: ignoring command line option '-Woverloaded-virtual'
cc1: warning: (it is valid for C++ but not the selected language)
cc1: warning: ignoring command line option '-fno-rtti'
cc1: warning: (it is valid for C++ but not the selected language)
conftest.c:6: warning: `main' is usually a function
ltconfig:1863: checking for dlfcn.h
ltconfig:1902: checking whether a program can dlopen itself
ltconfig:1976: checking whether a statically linked program can dlopen itself
g++ -E conftest.cc
ltconfig:678:checking for g++ option to produce PIC
ltconfig:687:checking that g++ PIC flag -fPIC -DPIC works.
ltconfig:697: g++ -c -O2 -O0 -g3 -DPACKAGE_NAME="" -DPACKAGE_TARNAME="" -DPACKAGE_VERSION="" -DPACKAGE_STRING="" -DPACKAGE_BUGREPORT="" -DPACKAGE="fox" -DVERSION="1.2.13" -DSTDC_HEADERS=1 -DHAVE_SYS_TYPES_H=1 -DHAVE_SYS_STAT_H=1 -DHAVE_STDLIB_H=1 -DHAVE_STRING_H=1 -DHAVE_MEMORY_H=1 -DHAVE_STRINGS_H=1 -DHAVE_INTTYPES_H=1 -DHAVE_STDINT_H=1 -DHAVE_UNISTD_H=1 -DHAVE_DLFCN_H=1 -DTIME_WITH_SYS_TIME=1 -DHAVE_SYS_WAIT_H=1 -DHAVE_DIRENT_H=1 -DHAVE_UNISTD_H=1 -DHAVE_SYS_PARAM_H=1 -DHAVE_SYS_SELECT_H=1 -DHAVE_PNG_H=1 -DHAVE_TIFF_H=1 -DHAVE_ZLIB_H=1 -DHAVE_VSSCANF=1 -DHAVE_VSNPRINTF=1 -DHAVE_LIBDL=1 -I/usr/local/include/fox-1.2 -DHAVE_XSHM_H=1 -D_GNU_SOURCE -DHAVE_JPEG_H=1 -DHAVE_PNG_H=1 -DHAVE_TIFF_H=1 -DHAVE_ZLIB_H=1 -DHAVE_XCURSOR_H=1 -Wall -W -Wmissing-prototypes -Woverloaded-virtual -Wformat -DHAVE_GL_H=1 -DSUN_OGL_NO_VERTEX_MACROS -DHPOGL_SUPPRESS_FAST_API -DHAVE_GLU_H=1 -I/usr/X11R6/include -I/usr/local/include -fno-exceptions -fno-check-new -fPIC -DPIC -DPIC  conftest.cc 1>&5
ltconfig:749: checking if g++ static flag -static works
ltconfig:758: g++ -o conftest -O2 -O0 -g3 -DPACKAGE_NAME="" -DPACKAGE_TARNAME="" -DPACKAGE_VERSION="" -DPACKAGE_STRING="" -DPACKAGE_BUGREPORT="" -DPACKAGE="fox" -DVERSION="1.2.13" -DSTDC_HEADERS=1 -DHAVE_SYS_TYPES_H=1 -DHAVE_SYS_STAT_H=1 -DHAVE_STDLIB_H=1 -DHAVE_STRING_H=1 -DHAVE_MEMORY_H=1 -DHAVE_STRINGS_H=1 -DHAVE_INTTYPES_H=1 -DHAVE_STDINT_H=1 -DHAVE_UNISTD_H=1 -DHAVE_DLFCN_H=1 -DTIME_WITH_SYS_TIME=1 -DHAVE_SYS_WAIT_H=1 -DHAVE_DIRENT_H=1 -DHAVE_UNISTD_H=1 -DHAVE_SYS_PARAM_H=1 -DHAVE_SYS_SELECT_H=1 -DHAVE_PNG_H=1 -DHAVE_TIFF_H=1 -DHAVE_ZLIB_H=1 -DHAVE_VSSCANF=1 -DHAVE_VSNPRINTF=1 -DHAVE_LIBDL=1 -I/usr/local/include/fox-1.2 -DHAVE_XSHM_H=1 -D_GNU_SOURCE -DHAVE_JPEG_H=1 -DHAVE_PNG_H=1 -DHAVE_TIFF_H=1 -DHAVE_ZLIB_H=1 -DHAVE_XCURSOR_H=1 -Wall -W -Wmissing-prototypes -Woverloaded-virtual -Wformat -DHAVE_GL_H=1 -DSUN_OGL_NO_VERTEX_MACROS -DHPOGL_SUPPRESS_FAST_API -DHAVE_GLU_H=1 -I/usr/X11R6/include -I/usr/local/include -fno-exceptions -fno-check-new  -DHAVE_XSHM_H=1 -D_GNU_SOURCE -DHAVE_JPEG_H=1 -DHAVE_PNG_H=1 -DHAVE_TIFF_H=1 -DHAVE_ZLIB_H=1 -DHAVE_XCURSOR_H=1 -Wall -W -Wmissing-prototypes -Woverloaded-virtual -Wformat -DHAVE_GL_H=1 -DSUN_OGL_NO_VERTEX_MACROS -DHPOGL_SUPPRESS_FAST_API -DHAVE_GLU_H=1 -I/usr/X11R6/include /usr/local/lib/libFOX-1.2.so -L/usr/X11R6/lib -lXcursor -ldl /usr/lib/libjpeg.so -lpng -ltiff -lz -lm /usr/X11R6/lib/libGLU.so /usr/X11R6/lib/libGL.so -lSM -lICE -lXmu -lXext -lXi -lX11 -lpthread -lsupc++ -lgcc_s -Wl,--rpath -Wl,/usr/local/lib -lodbc -L/usr/local/lib -static conftest.cc  1>&5
/usr/bin/ld: cannot find -lXcursor
collect2: ld returned 1 exit status
ltconfig:780: finding the maximum length of command line arguments
ltconfig:@lineno@: result: 73729
ltconfig:883: checking if g++ supports -fno-rtti -fno-exceptions
ltconfig:884: g++ -c -O2 -O0 -g3 -DPACKAGE_NAME="" -DPACKAGE_TARNAME="" -DPACKAGE_VERSION="" -DPACKAGE_STRING="" -DPACKAGE_BUGREPORT="" -DPACKAGE="fox" -DVERSION="1.2.13" -DSTDC_HEADERS=1 -DHAVE_SYS_TYPES_H=1 -DHAVE_SYS_STAT_H=1 -DHAVE_STDLIB_H=1 -DHAVE_STRING_H=1 -DHAVE_MEMORY_H=1 -DHAVE_STRINGS_H=1 -DHAVE_INTTYPES_H=1 -DHAVE_STDINT_H=1 -DHAVE_UNISTD_H=1 -DHAVE_DLFCN_H=1 -DTIME_WITH_SYS_TIME=1 -DHAVE_SYS_WAIT_H=1 -DHAVE_DIRENT_H=1 -DHAVE_UNISTD_H=1 -DHAVE_SYS_PARAM_H=1 -DHAVE_SYS_SELECT_H=1 -DHAVE_PNG_H=1 -DHAVE_TIFF_H=1 -DHAVE_ZLIB_H=1 -DHAVE_VSSCANF=1 -DHAVE_VSNPRINTF=1 -DHAVE_LIBDL=1 -I/usr/local/include/fox-1.2 -DHAVE_XSHM_H=1 -D_GNU_SOURCE -DHAVE_JPEG_H=1 -DHAVE_PNG_H=1 -DHAVE_TIFF_H=1 -DHAVE_ZLIB_H=1 -DHAVE_XCURSOR_H=1 -Wall -W -Wmissing-prototypes -Woverloaded-virtual -Wformat -DHAVE_GL_H=1 -DSUN_OGL_NO_VERTEX_MACROS -DHPOGL_SUPPRESS_FAST_API -DHAVE_GLU_H=1 -I/usr/X11R6/include -I/usr/local/include -fno-exceptions -fno-check-new -fno-rtti -fno-exceptions -c conftest.cc  conftest.cc 1>&5
ltconfig:1423: checking if global_symbol_pipe works
ltconfig:1424: g++ -c -O2 -O0 -g3 -DPACKAGE_NAME="" -DPACKAGE_TARNAME="" -DPACKAGE_VERSION="" -DPACKAGE_STRING="" -DPACKAGE_BUGREPORT="" -DPACKAGE="fox" -DVERSION="1.2.13" -DSTDC_HEADERS=1 -DHAVE_SYS_TYPES_H=1 -DHAVE_SYS_STAT_H=1 -DHAVE_STDLIB_H=1 -DHAVE_STRING_H=1 -DHAVE_MEMORY_H=1 -DHAVE_STRINGS_H=1 -DHAVE_INTTYPES_H=1 -DHAVE_STDINT_H=1 -DHAVE_UNISTD_H=1 -DHAVE_DLFCN_H=1 -DTIME_WITH_SYS_TIME=1 -DHAVE_SYS_WAIT_H=1 -DHAVE_DIRENT_H=1 -DHAVE_UNISTD_H=1 -DHAVE_SYS_PARAM_H=1 -DHAVE_SYS_SELECT_H=1 -DHAVE_PNG_H=1 -DHAVE_TIFF_H=1 -DHAVE_ZLIB_H=1 -DHAVE_VSSCANF=1 -DHAVE_VSNPRINTF=1 -DHAVE_LIBDL=1 -I/usr/local/include/fox-1.2 -DHAVE_XSHM_H=1 -D_GNU_SOURCE -DHAVE_JPEG_H=1 -DHAVE_PNG_H=1 -DHAVE_TIFF_H=1 -DHAVE_ZLIB_H=1 -DHAVE_XCURSOR_H=1 -Wall -W -Wmissing-prototypes -Woverloaded-virtual -Wformat -DHAVE_GL_H=1 -DSUN_OGL_NO_VERTEX_MACROS -DHPOGL_SUPPRESS_FAST_API -DHAVE_GLU_H=1 -I/usr/X11R6/include -I/usr/local/include -fno-exceptions -fno-check-new  conftest.cc 1>&5
ltconfig:1427: eval "/usr/bin/nm -B conftest.o | sed -n -e 's/^.*[ 	]\([ABCDGISTW]\)[ 	][ 	]*\(\)\([_A-Za-z][_A-Za-z0-9]*\)$/\1 \2\3 \3/p' > conftest.nm"
ltconfig:1479: g++ -o conftest -O2 -O0 -g3 -DPACKAGE_NAME="" -DPACKAGE_TARNAME="" -DPACKAGE_VERSION="" -DPACKAGE_STRING="" -DPACKAGE_BUGREPORT="" -DPACKAGE="fox" -DVERSION="1.2.13" -DSTDC_HEADERS=1 -DHAVE_SYS_TYPES_H=1 -DHAVE_SYS_STAT_H=1 -DHAVE_STDLIB_H=1 -DHAVE_STRING_H=1 -DHAVE_MEMORY_H=1 -DHAVE_STRINGS_H=1 -DHAVE_INTTYPES_H=1 -DHAVE_STDINT_H=1 -DHAVE_UNISTD_H=1 -DHAVE_DLFCN_H=1 -DTIME_WITH_SYS_TIME=1 -DHAVE_SYS_WAIT_H=1 -DHAVE_DIRENT_H=1 -DHAVE_UNISTD_H=1 -DHAVE_SYS_PARAM_H=1 -DHAVE_SYS_SELECT_H=1 -DHAVE_PNG_H=1 -DHAVE_TIFF_H=1 -DHAVE_ZLIB_H=1 -DHAVE_VSSCANF=1 -DHAVE_VSNPRINTF=1 -DHAVE_LIBDL=1 -I/usr/local/include/fox-1.2 -DHAVE_XSHM_H=1 -D_GNU_SOURCE -DHAVE_JPEG_H=1 -DHAVE_PNG_H=1 -DHAVE_TIFF_H=1 -DHAVE_ZLIB_H=1 -DHAVE_XCURSOR_H=1 -Wall -W -Wmissing-prototypes -Woverloaded-virtual -Wformat -DHAVE_GL_H=1 -DSUN_OGL_NO_VERTEX_MACROS -DHPOGL_SUPPRESS_FAST_API -DHAVE_GLU_H=1 -I/usr/X11R6/include -I/usr/local/include -fno-exceptions -fno-check-new -fno-builtin -fno-rtti -fno-exceptions  -DHAVE_XSHM_H=1 -D_GNU_SOURCE -DHAVE_JPEG_H=1 -DHAVE_PNG_H=1 -DHAVE_TIFF_H=1 -DHAVE_ZLIB_H=1 -DHAVE_XCURSOR_H=1 -Wall -W -Wmissing-prototypes -Woverloaded-virtual -Wformat -DHAVE_GL_H=1 -DSUN_OGL_NO_VERTEX_MACROS -DHPOGL_SUPPRESS_FAST_API -DHAVE_GLU_H=1 -I/usr/X11R6/include /usr/local/lib/libFOX-1.2.so -L/usr/X11R6/lib -lXcursor -ldl /usr/lib/libjpeg.so -lpng -ltiff -lz -lm /usr/X11R6/lib/libGLU.so /usr/X11R6/lib/libGL.so -lSM -lICE -lXmu -lXext -lXi -lX11 -lpthread -lsupc++ -lgcc_s -Wl,--rpath -Wl,/usr/local/lib -lodbc -L/usr/local/lib conftest.cc conftstm.o 1>&5
ltconfig:1863: checking for dlfcn.h
ltconfig:1902: checking whether a program can dlopen itself
ltconfig:1976: checking whether a statically linked program can dlopen itself
configure:3882: checking for object suffix
configure:3908: checking for executable suffix
configure:4050: checking for extra includes
configure:4081: checking for extra libs
configure:4140: checking if livrus should be compiled
