This file contains any messages produced by compilers while
running configure, to aid debugging if configure makes a mistake.

configure:635: checking host system type
configure:656: checking target system type
configure:674: checking build system type
configure:734: checking for a BSD compatible install
configure:791: checking for -p flag to install
configure:814: checking whether build environment is sane
configure:852: checking whether make sets ${MAKE}
configure:898: checking for working aclocal-1.4
configure:911: checking for working autoconf
configure:924: checking for working automake-1.4
configure:937: checking for working autoheader
configure:950: checking for working makeinfo
configure:1082: checking for gcc
configure:1195: checking whether the C compiler (gcc   ) works
configure:1211: gcc -o conftest     conftest.c  1>&5
configure:1237: checking whether the C compiler (gcc   ) is a cross-compiler
configure:1242: checking whether we are using GNU C
configure:1251: gcc -E conftest.c
configure:1270: checking whether gcc accepts -g
configure:1303: checking how to run the C preprocessor
configure:1416: checking for c++
configure:1448: checking whether the C++ compiler (g++  -O0 -g3 -Wall  ) works
configure:1469: rm -rf SunWS_cache; g++ -o conftest  -O0 -g3 -Wall    conftest.C  1>&5
configure:1495: checking whether the C++ compiler (g++  -O0 -g3 -Wall  ) is a cross-compiler
configure:1500: checking whether we are using GNU C++
configure:1509: g++ -E conftest.C
configure:1528: checking whether g++ accepts -g
configure:2017: checking whether g++ supports -fno-exceptions
configure:2044: rm -rf SunWS_cache; g++ -o conftest -O2  -O0 -g3 -Wall  -fno-exceptions   conftest.C  1>&5
configure:2075: checking whether g++ supports -fno-check-new
configure:2102: rm -rf SunWS_cache; g++ -o conftest -O2  -O0 -g3 -Wall  -fno-exceptions -fno-check-new   conftest.C  1>&5
configure:2133: checking whether g++ supports -fexceptions
configure:2160: rm -rf SunWS_cache; g++ -o conftest -O2  -O0 -g3 -Wall  -fno-exceptions -fno-check-new -fexceptions   conftest.C  1>&5
configure:2650: checking how to run the C++ preprocessor
configure:2671: g++ -E  conftest.C >/dev/null 2>conftest.out
configure:2753: checking whether g++ supports -frepo
configure:2780: rm -rf SunWS_cache; g++ -o conftest -O2 -O0 -g3 -Wall -fno-exceptions -fno-check-new -frepo   conftest.C  1>&5
conftest.C:1: warning: -frepo must be used with -c
configure:3005: checking for ld used by GCC
configure:3073: checking if the linker (/usr//bin/ld) is GNU ld
GNU ld version 2.13.90.0.18 20030121
configure:3090: checking for /usr//bin/ld option to reload object files
configure:3102: checking for BSD-compatible nm
configure:3140: checking whether ln -s works
configure:3161: checking how to recognise dependant libraries
configure:3482: checking for ranlib
configure:3549: checking for strip
configure:3721: checking for Cygwin environment
configure:3737: gcc -c -O2    conftest.c 1>&5
configure: In function `main':
configure:3733: `__CYGWIN32__' undeclared (first use in this function)
configure:3733: (Each undeclared identifier is reported only once
configure:3733: for each function it appears in.)
configure: failed program was:
#line 3726 "configure"
#include "confdefs.h"

int main() {

#ifndef __CYGWIN__
#define __CYGWIN__ __CYGWIN32__
#endif
return __CYGWIN__;
; return 0; }
configure:3754: checking for mingw32 environment
configure:3766: gcc -c -O2    conftest.c 1>&5
configure: In function `main':
configure:3762: `__MINGW32__' undeclared (first use in this function)
configure:3762: (Each undeclared identifier is reported only once
configure:3762: for each function it appears in.)
configure: failed program was:
#line 3759 "configure"
#include "confdefs.h"

int main() {
return __MINGW32__;
; return 0; }
ltcf-c.sh:need_lc: gcc -c -O2    conftest.c 1>&5
ltcf-c.sh:need_lc: gcc -shared conftest.  -v -Wl,-soname -Wl,conftest -o conftest
ltconfig:678:checking for gcc option to produce PIC
ltconfig:687:checking that gcc PIC flag -fPIC -DPIC works.
ltconfig:697: gcc -c -O2   -fPIC -DPIC -DPIC  conftest.c 1>&5
ltconfig:749: checking if gcc static flag -static works
ltconfig:758: gcc -o conftest -O2     -static conftest.c  1>&5
/usr//bin/ld: cannot find -lc
collect2: ld returned 1 exit status
ltconfig:780: finding the maximum length of command line arguments
ltconfig:@lineno@: result: 73729
ltconfig:829: checking if gcc supports -c -o file.o
ltconfig:830: gcc -c -O2   -o out/conftest2.o  conftest.c 1>&5
ltconfig:883: checking if gcc supports -fno-rtti -fno-exceptions
ltconfig:884: gcc -c -O2   -fno-rtti -fno-exceptions -c conftest.c  conftest.c 1>&5
ltconfig:1423: checking if global_symbol_pipe works
ltconfig:1424: gcc -c -O2    conftest.c 1>&5
ltconfig:1427: eval "/usr//bin/nm -B conftest.o | sed -n -e 's/^.*[ 	]\([ABCDGISTW]\)[ 	][ 	]*\(\)\([_A-Za-z][_A-Za-z0-9]*\)$/\1 \2\3 \3/p' > conftest.nm"
ltconfig:1479: gcc -o conftest -O2   -fno-builtin -fno-rtti -fno-exceptions   conftest.c conftstm.o 1>&5
ltconfig:1583: checking for dlopen in -ldl
ltconfig:1603: gcc -o conftest -O2   -fno-builtin -fno-rtti -fno-exceptions   conftest.c -ldl   1>&5
ltconfig:1863: checking for dlfcn.h
ltconfig:1874: gcc -c -O2   -fno-builtin -fno-rtti -fno-exceptions  conftest.c 1>&5 >/dev/null 2>conftest.out
ltconfig:1902: checking whether a program can dlopen itself
ltconfig:1957: gcc -o conftest -O2   -fno-builtin -fno-rtti -fno-exceptions  -DHAVE_DLFCN_H  -Wl,--export-dynamic conftest.c -ldl  1>&5
ltconfig:1976: checking whether a statically linked program can dlopen itself
ltconfig:2031: gcc -o conftest -O2   -fno-builtin -fno-rtti -fno-exceptions  -DHAVE_DLFCN_H  -Wl,--export-dynamic  conftest.c -ldl  1>&5
g++ -E conftest.cc
ltconfig:678:checking for g++ option to produce PIC
ltconfig:687:checking that g++ PIC flag -fPIC -DPIC works.
ltconfig:697: g++ -c -O2 -O0 -g3 -Wall -fno-exceptions -fno-check-new -fPIC -DPIC -DPIC  conftest.cc 1>&5
ltconfig:749: checking if g++ static flag -static works
ltconfig:758: g++ -o conftest -O2 -O0 -g3 -Wall -fno-exceptions -fno-check-new   -static conftest.cc  1>&5
/usr//bin/ld: cannot find -lstdc++
collect2: ld returned 1 exit status
ltconfig:780: finding the maximum length of command line arguments
ltconfig:@lineno@: result: 73729
ltconfig:883: checking if g++ supports -fno-rtti -fno-exceptions
ltconfig:884: g++ -c -O2 -O0 -g3 -Wall -fno-exceptions -fno-check-new -fno-rtti -fno-exceptions -c conftest.cc  conftest.cc 1>&5
ltconfig:1423: checking if global_symbol_pipe works
ltconfig:1424: g++ -c -O2 -O0 -g3 -Wall -fno-exceptions -fno-check-new  conftest.cc 1>&5
ltconfig:1427: eval "/usr//bin/nm -B conftest.o | sed -n -e 's/^.*[ 	]\([ABCDGISTW]\)[ 	][ 	]*\(\)\([_A-Za-z][_A-Za-z0-9]*\)$/\1 \2\3 \3/p' > conftest.nm"
ltconfig:1479: g++ -o conftest -O2 -O0 -g3 -Wall -fno-exceptions -fno-check-new -fno-builtin -fno-rtti -fno-exceptions   conftest.cc conftstm.o 1>&5
ltconfig:1863: checking for dlfcn.h
ltconfig:1902: checking whether a program can dlopen itself
ltconfig:1976: checking whether a statically linked program can dlopen itself
configure:3901: checking for object suffix
configure:3907: gcc -c -O2    conftest.c 1>&5
configure:3927: checking for executable suffix
configure:3937: gcc -o conftest -O2     conftest.c  1>&5
configure:4069: checking for msgfmt
configure:4103: checking for gmsgfmt
configure:4148: checking for xgettext
configure:4263: checking for main in -lutil
configure:4278: gcc -o conftest -O2     conftest.c -lutil   1>&5
configure:4299: checking for main in -lcompat
configure:4314: gcc -o conftest -O2     conftest.c -lcompat   1>&5
/usr//bin/ld: cannot find -lcompat
collect2: ld returned 1 exit status
configure: failed program was:
#line 4307 "configure"
#include "confdefs.h"

int main() {
main()
; return 0; }
configure:4336: checking for crypt in -lcrypt
configure:4355: gcc -o conftest -O2     conftest.c -lcrypt   1>&5
configure:4430: checking for socklen_t
configure:4460: g++ -c -O2 -O0 -g3 -Wall -fno-exceptions -fno-check-new  conftest.C 1>&5
configure:4527: checking for dnet_ntoa in -ldnet
configure:4546: gcc -o conftest -O2     conftest.c -ldnet   1>&5
/usr//bin/ld: cannot find -ldnet
collect2: ld returned 1 exit status
configure: failed program was:
#line 4535 "configure"
#include "confdefs.h"
/* Override any gcc2 internal prototype to avoid an error.  */
/* We use char because int might match the return type of a gcc2
    builtin and then its argument prototype would still apply.  */
char dnet_ntoa();

int main() {
dnet_ntoa()
; return 0; }
configure:4568: checking for dnet_ntoa in -ldnet_stub
configure:4587: gcc -o conftest -O2     conftest.c -ldnet_stub   1>&5
/usr//bin/ld: cannot find -ldnet_stub
collect2: ld returned 1 exit status
configure: failed program was:
#line 4576 "configure"
#include "confdefs.h"
/* Override any gcc2 internal prototype to avoid an error.  */
/* We use char because int might match the return type of a gcc2
    builtin and then its argument prototype would still apply.  */
char dnet_ntoa();

int main() {
dnet_ntoa()
; return 0; }
configure:4609: checking for inet_ntoa
configure:4637: gcc -o conftest -O2     conftest.c  1>&5
configure:4699: checking for connect
configure:4727: gcc -o conftest -O2     conftest.c  1>&5
configure:4790: checking for remove
configure:4818: gcc -o conftest -O2     conftest.c  1>&5
configure:4882: checking for shmat
configure:4910: gcc -o conftest -O2     conftest.c  1>&5
configure:4974: checking for res_init
configure:5002: gcc -o conftest -O2     conftest.c  1>&5
/tmp/cceHkprL.o(.text+0x9): In function `main':
: undefined reference to `res_init'
collect2: ld returned 1 exit status
configure: failed program was:
#line 4979 "configure"
#include "confdefs.h"
/* System header to define __stub macros and hopefully few prototypes,
    which can conflict with char res_init(); below.  */
#include <assert.h>
/* Override any gcc2 internal prototype to avoid an error.  */
/* We use char because int might match the return type of a gcc2
    builtin and then its argument prototype would still apply.  */
char res_init();

int main() {

/* The GNU C library defines this for functions which it implements
    to always fail with ENOSYS.  Some functions are actually named
    something starting with __ and the normal name is an alias.  */
#if defined (__stub_res_init) || defined (__stub___res_init)
choke me
#else
res_init();
#endif

; return 0; }
configure:5037: gcc -o conftest -O2     conftest.c   -lresolv 1>&5
configure:5062: checking for killpg in -lucb
configure:5081: gcc -o conftest -O2     conftest.c -lucb   1>&5
/usr//bin/ld: cannot find -lucb
collect2: ld returned 1 exit status
configure: failed program was:
#line 5070 "configure"
#include "confdefs.h"
/* Override any gcc2 internal prototype to avoid an error.  */
/* We use char because int might match the return type of a gcc2
    builtin and then its argument prototype would still apply.  */
char killpg();

int main() {
killpg()
; return 0; }
configure:5150: checking size of int
configure:5169: gcc -o conftest -O2     conftest.c  1>&5
configure:5188: checking size of long
configure:5207: gcc -o conftest -O2     conftest.c  1>&5
configure:5226: checking size of char *
configure:5245: gcc -o conftest -O2     conftest.c  1>&5
configure:5264: checking size of char
configure:5283: gcc -o conftest -O2     conftest.c  1>&5
configure:5304: checking for dlopen in -ldl
configure:5348: checking for shl_unload in -ldld
configure:5367: gcc -o conftest -O2     conftest.c -ldld   1>&5
/usr//bin/ld: cannot find -ldld
collect2: ld returned 1 exit status
configure: failed program was:
#line 5356 "configure"
#include "confdefs.h"
/* Override any gcc2 internal prototype to avoid an error.  */
/* We use char because int might match the return type of a gcc2
    builtin and then its argument prototype would still apply.  */
char shl_unload();

int main() {
shl_unload()
; return 0; }
configure:5396: checking for extra includes
configure:5427: checking for extra libs
configure:5461: checking for libz
configure:5487: gcc -o conftest -O2       conftest.c   -lz  -lresolv 1>&5
configure:5540: checking for X
configure:5579: cpp  conftest.c >/dev/null 2>conftest.out
configure:5655: gcc -o conftest -O2     conftest.c -lXt  1>&5
/usr//bin/ld: cannot find -lXt
collect2: ld returned 1 exit status
configure: failed program was:
#line 5648 "configure"
#include "confdefs.h"

int main() {
XtMalloc()
; return 0; }
configure:5829: checking for IceConnectionNumber in -lICE
configure:5848: gcc -o conftest -O2     -L/usr/X11R6/lib conftest.c -lICE  -lresolv  1>&5
configure:5877: checking for libXext
configure:5903: gcc -o conftest -O2     -L/usr/X11R6/lib  conftest.c -lXext -lX11  -lresolv 1>&5
configure:5930: checking for Xinerama
configure:6042: checking for pthread_create in -lpthread
configure:6061: gcc -o conftest -O2     conftest.c -lpthread   1>&5
configure:6337: checking for libpng
configure:6371: gcc -o conftest -O2   -I/usr/X11R6/include   -D_REENTRANT  conftest.c  -L/usr/X11R6/lib  -lpng -lz -lm -lX11  -lresolv 1>&5
configure:6403: checking for libjpeg6b
configure:6441: gcc -o conftest -O2   -I/usr/X11R6/include   -D_REENTRANT  conftest.c -L/usr/X11R6/lib  -ljpeg6b -lm 1>&5
/usr//bin/ld: cannot find -ljpeg6b
collect2: ld returned 1 exit status
configure: failed program was:
#line 6420 "configure"
#include "confdefs.h"
/* Override any gcc2 internal prototype to avoid an error.  */
struct jpeg_decompress_struct;
typedef struct jpeg_decompress_struct * j_decompress_ptr;
typedef int size_t;
#ifdef __cplusplus
extern "C" {
#endif
    void jpeg_CreateDecompress(j_decompress_ptr cinfo,
                                    int version, size_t structsize);
#ifdef __cplusplus
}
#endif
/* We use char because int might match the return type of a gcc2
    builtin and then its argument prototype would still apply.  */

int main() {
jpeg_CreateDecompress(0L, 0, 0);
; return 0; }
configure:6464: checking for libjpeg
configure:6502: gcc -o conftest -O2   -I/usr/X11R6/include   -D_REENTRANT  conftest.c -L/usr/X11R6/lib  -ljpeg -lm 1>&5
configure: 6542: /usr/include/jpeglib.h
taking that
configure:6705: checking for Qt
configure: 6769: /usr/lib/qt3/include/qstyle.h
taking that
tried NO
configure:6881: rm -rf SunWS_cache; g++ -o conftest -O2 -O0 -g3 -Wall -fno-exceptions -fno-check-new -I/usr/lib/qt3/include -I/usr/X11R6/include  -DQT_THREAD_SUPPORT  -D_REENTRANT  -L/usr/lib/qt3/lib -L/usr/X11R6/lib   conftest.C  -lqt-mt -lpng -lz -lm -ljpeg -ldl  -lXext -lX11 -lSM -lICE  -lresolv -lpthread 1>&5
configure:6946: checking if Qt compiles without flags
configure:7042: rm -rf SunWS_cache; g++ -o conftest -O2 -O0 -g3 -Wall -fno-exceptions -fno-check-new -I/usr/lib/qt3/include  -DQT_THREAD_SUPPORT  -D_REENTRANT  -L/usr/X11R6/lib conftest.C -lqt-mt -lpng -lz -lm -ljpeg -ldl  -lXext -lX11 -lSM -lICE  -lresolv -lXext -lX11  -lresolv 1>&5
/usr//bin/ld: cannot find -lqt-mt
collect2: ld returned 1 exit status
configure: failed program was:
#include "confdefs.h"
#include <qglobal.h>
#include <qapplication.h>
#include <qcursor.h>
#include <qstylefactory.h>
#include <private/qucomextra_p.h>
#if ! (QT_VERSION >= 303)
#error 1
#endif

int main() {
    (void)QStyleFactory::create(QString::null);
    QCursor c(Qt::WhatsThisCursor);
    return 0;
}
configure:7112: checking for moc
configure:7178: checking for uic
configure:7247: checking whether uic supports -L 
configure:7257: /usr/lib/qt3/bin/uic -L /nonexistant conftest.ui >/dev/null
configure:7279: checking whether uic supports -nounload 
configure:7289: /usr/lib/qt3/bin/uic -nounload conftest.ui >/dev/null
configure:7334: checking if Qt needs -ljpeg
configure:7366: rm -rf SunWS_cache; g++ -o conftest -O2 -O0 -g3 -Wall -fno-exceptions -fno-check-new -I/usr/lib/qt3/include -I/usr/X11R6/include   -DQT_THREAD_SUPPORT  -D_REENTRANT  conftest.C -L/usr/X11R6/lib -L/usr/lib/qt3/lib -lqt-mt -lpng -lz -lm  -ldl -lXext -lX11 -lSM -lICE -lresolv 1>&5
configure:7417: checking for rpath
configure:7446: checking for KDE
configure: 7490: /usr/local/kde/include/ksharedptr.h
configure: 7490: /usr/lib/kde/include/ksharedptr.h
configure: 7490: /usr/local/kde/include/ksharedptr.h
configure: 7490: /usr/local/include/ksharedptr.h
configure: 7490: /usr/kde/include/ksharedptr.h
configure: 7490: /usr/include/kde/ksharedptr.h
configure: 7490: /usr/include/ksharedptr.h
taking that
configure: 7516: /usr/local/kde/lib/libkio.la
configure: 7516: ${exec_prefix}/lib/libkio.la
configure: 7516: /usr/lib/kde/lib/libkio.la
configure: 7516: /usr/local/kde/lib/libkio.la
configure: 7516: /usr/kde/lib/libkio.la
configure: 7516: /usr/lib/kde/libkio.la
configure: 7516: /usr/lib/kde3/libkio.la
configure: 7516: /usr/lib/libkio.la
taking that
configure:7626: checking for KDE paths
configure:8155: checking for dcopidl
configure:8215: checking for dcopidl2cpp
configure:8275: checking for mcopidl
configure:8335: checking for artsc-config
configure:8395: checking for kde-config
configure:8451: checking for meinproc
configure: 8515: /usr/share/kde/apps/ksgmltools2/customization/kde-chunk.xsl
configure: 8515: /usr/local/share/apps/ksgmltools2/customization/kde-chunk.xsl
configure: 8515: /usr/share/apps/ksgmltools2/customization/kde-chunk.xsl
taking that
configure:8678: checking if doc should be compiled
configure:8678: checking if plivruskde should be compiled
configure:8678: checking if po should be compiled
