This file contains any messages produced by compilers while
running configure, to aid debugging if configure makes a mistake.

configure:613: checking host system type
configure:634: checking target system type
configure:652: checking build system type
configure:712: checking for a BSD compatible install
configure:769: checking for -p flag to install
configure:792: checking whether build environment is sane
configure:830: checking whether make sets ${MAKE}
configure:876: checking for working aclocal-1.4
configure:889: checking for working autoconf
configure:902: checking for working automake-1.4
configure:915: checking for working autoheader
configure:928: checking for working makeinfo
configure:1059: checking for gcc
configure:1172: checking whether the C compiler (gcc   -pthread -Wl,--version-script,/home/hfs/wxGTK-2.4.2/version-script -L/usr/X11R6/lib -lgtk -lgdk -rdynamic -lgmodule -lgthread -lglib -lpthread -ldl -lXi -lXext -lX11 -lm -lpng -ljpeg -ltiff -lz -ldl -lm) works
configure:1188: gcc -o conftest    -pthread -Wl,--version-script,/home/hfs/wxGTK-2.4.2/version-script -L/usr/X11R6/lib -lgtk -lgdk -rdynamic -lgmodule -lgthread -lglib -lpthread -ldl -lXi -lXext -lX11 -lm -lpng -ljpeg -ltiff -lz -ldl -lm conftest.c  1>&5
configure:1214: checking whether the C compiler (gcc   -pthread -Wl,--version-script,/home/hfs/wxGTK-2.4.2/version-script -L/usr/X11R6/lib -lgtk -lgdk -rdynamic -lgmodule -lgthread -lglib -lpthread -ldl -lXi -lXext -lX11 -lm -lpng -ljpeg -ltiff -lz -ldl -lm) is a cross-compiler
configure:1219: checking whether we are using GNU C
configure:1247: checking whether gcc accepts -g
configure:1280: checking how to run the C preprocessor
configure:1393: checking for c++
configure:1425: checking whether the C++ compiler (c++  -O0 -g3 -I/home/hfs/wxGTK-2.4.2/lib/wx/include/gtk-2.4 -I/home/hfs/wxGTK-2.4.2/include -I/usr/include/gtk-1.2 -I/usr/include/glib-1.2 -I/usr/lib/glib/include -D_REENTRANT -I/usr/X11R6/include -D_FILE_OFFSET_BITS=64 -D_LARGE_FILES -D__WXGTK__ -DGTK_NO_CHECK_CASTS -D_IODBC_ -O2 -MMD -pthread -Wall -pthread -Wl,--version-script,/home/hfs/wxGTK-2.4.2/version-script -L/usr/X11R6/lib -lgtk -lgdk -rdynamic -lgmodule -lgthread -lglib -lpthread -ldl -lXi -lXext -lX11 -lm -lpng -ljpeg -ltiff -lz -ldl -lm) works
configure:1446: rm -rf SunWS_cache; c++ -o conftest  -O0 -g3 -I/home/hfs/wxGTK-2.4.2/lib/wx/include/gtk-2.4 -I/home/hfs/wxGTK-2.4.2/include -I/usr/include/gtk-1.2 -I/usr/include/glib-1.2 -I/usr/lib/glib/include -D_REENTRANT -I/usr/X11R6/include -D_FILE_OFFSET_BITS=64 -D_LARGE_FILES -D__WXGTK__ -DGTK_NO_CHECK_CASTS -D_IODBC_ -O2 -MMD -pthread -Wall  -pthread -Wl,--version-script,/home/hfs/wxGTK-2.4.2/version-script -L/usr/X11R6/lib -lgtk -lgdk -rdynamic -lgmodule -lgthread -lglib -lpthread -ldl -lXi -lXext -lX11 -lm -lpng -ljpeg -ltiff -lz -ldl -lm conftest.C  1>&5
configure:1472: checking whether the C++ compiler (c++  -O0 -g3 -I/home/hfs/wxGTK-2.4.2/lib/wx/include/gtk-2.4 -I/home/hfs/wxGTK-2.4.2/include -I/usr/include/gtk-1.2 -I/usr/include/glib-1.2 -I/usr/lib/glib/include -D_REENTRANT -I/usr/X11R6/include -D_FILE_OFFSET_BITS=64 -D_LARGE_FILES -D__WXGTK__ -DGTK_NO_CHECK_CASTS -D_IODBC_ -O2 -MMD -pthread -Wall -pthread -Wl,--version-script,/home/hfs/wxGTK-2.4.2/version-script -L/usr/X11R6/lib -lgtk -lgdk -rdynamic -lgmodule -lgthread -lglib -lpthread -ldl -lXi -lXext -lX11 -lm -lpng -ljpeg -ltiff -lz -ldl -lm) is a cross-compiler
configure:1477: checking whether we are using GNU C++
configure:1505: checking whether c++ accepts -g
configure:1994: checking whether c++ supports -fno-exceptions
configure:2052: checking whether c++ supports -fno-check-new
configure:2110: checking whether c++ supports -fexceptions
configure:2627: checking how to run the C++ preprocessor
configure:2730: checking whether c++ supports -frepo
configure:2986: checking for ld used by GCC
configure:3054: checking if the linker (/usr/bin/ld) is GNU ld
configure:3071: checking for /usr/bin/ld option to reload object files
configure:3083: checking for BSD-compatible nm
configure:3121: checking whether ln -s works
configure:3142: checking how to recognise dependant libraries
configure:3463: checking for ranlib
configure:3530: checking for strip
configure:3702: checking for Cygwin environment
configure:3735: checking for mingw32 environment
ltconfig:678:checking for gcc option to produce PIC
ltconfig:687:checking that gcc PIC flag  -fPIC -DPIC works.
ltconfig:749: checking if gcc static flag  works
ltconfig:780: finding the maximum length of command line arguments
ltconfig:@lineno@: result: 73729
ltconfig:883: checking if gcc supports -fno-rtti -fno-exceptions
ltconfig:884: gcc -c -O2   -fno-rtti -fno-exceptions -c conftest.c  conftest.c 1>&5
ltconfig:1423: checking if global_symbol_pipe works
ltconfig:1424: gcc -c -O2    conftest.c 1>&5
ltconfig:1427: eval "/usr/bin/nm -B conftest.o | sed -n -e 's/^.*[ 	]\([ABCDGISTW]\)[ 	][ 	]*\(\)\([_A-Za-z][_A-Za-z0-9]*\)$/\1 \2\3 \3/p' > conftest.nm"
ltconfig:1479: gcc -o conftest -O2   -fno-builtin -fno-rtti -fno-exceptions  -pthread -Wl,--version-script,/home/hfs/wxGTK-2.4.2/version-script -L/usr/X11R6/lib -lgtk -lgdk -rdynamic -lgmodule -lgthread -lglib -lpthread -ldl -lXi -lXext -lX11 -lm -lpng -ljpeg -ltiff -lz -ldl -lm conftest.c conftstm.o 1>&5
ltconfig:1863: checking for dlfcn.h
ltconfig:1902: checking whether a program can dlopen itself
ltconfig:1976: checking whether a statically linked program can dlopen itself
c++ -E conftest.cc
ltconfig:678:checking for c++ option to produce PIC
ltconfig:687:checking that c++ PIC flag -fPIC -DPIC works.
ltconfig:697: c++ -c -O2 -O0 -g3 -I/home/hfs/wxGTK-2.4.2/lib/wx/include/gtk-2.4 -I/home/hfs/wxGTK-2.4.2/include -I/usr/include/gtk-1.2 -I/usr/include/glib-1.2 -I/usr/lib/glib/include -D_REENTRANT -I/usr/X11R6/include -D_FILE_OFFSET_BITS=64 -D_LARGE_FILES -D__WXGTK__ -DGTK_NO_CHECK_CASTS -D_IODBC_ -O2 -MMD -pthread -Wall -fno-exceptions -fno-check-new -fPIC -DPIC -DPIC  conftest.cc 1>&5
ltconfig:749: checking if c++ static flag -static works
ltconfig:758: c++ -o conftest -O2 -O0 -g3 -I/home/hfs/wxGTK-2.4.2/lib/wx/include/gtk-2.4 -I/home/hfs/wxGTK-2.4.2/include -I/usr/include/gtk-1.2 -I/usr/include/glib-1.2 -I/usr/lib/glib/include -D_REENTRANT -I/usr/X11R6/include -D_FILE_OFFSET_BITS=64 -D_LARGE_FILES -D__WXGTK__ -DGTK_NO_CHECK_CASTS -D_IODBC_ -O2 -MMD -pthread -Wall -fno-exceptions -fno-check-new  -pthread -Wl,--version-script,/home/hfs/wxGTK-2.4.2/version-script -L/usr/X11R6/lib -lgtk -lgdk -rdynamic -lgmodule -lgthread -lglib -lpthread -ldl -lXi -lXext -lX11 -lm -lpng -ljpeg -ltiff -lz -ldl -lm -static conftest.cc  1>&5
/usr/bin/ld: cannot find -lpthread
collect2: ld returned 1 exit status
ltconfig:780: finding the maximum length of command line arguments
ltconfig:@lineno@: result: 73729
ltconfig:883: checking if c++ supports -fno-rtti -fno-exceptions
ltconfig:884: c++ -c -O2 -O0 -g3 -I/home/hfs/wxGTK-2.4.2/lib/wx/include/gtk-2.4 -I/home/hfs/wxGTK-2.4.2/include -I/usr/include/gtk-1.2 -I/usr/include/glib-1.2 -I/usr/lib/glib/include -D_REENTRANT -I/usr/X11R6/include -D_FILE_OFFSET_BITS=64 -D_LARGE_FILES -D__WXGTK__ -DGTK_NO_CHECK_CASTS -D_IODBC_ -O2 -MMD -pthread -Wall -fno-exceptions -fno-check-new -fno-rtti -fno-exceptions -c conftest.cc  conftest.cc 1>&5
ltconfig:1423: checking if global_symbol_pipe works
ltconfig:1424: c++ -c -O2 -O0 -g3 -I/home/hfs/wxGTK-2.4.2/lib/wx/include/gtk-2.4 -I/home/hfs/wxGTK-2.4.2/include -I/usr/include/gtk-1.2 -I/usr/include/glib-1.2 -I/usr/lib/glib/include -D_REENTRANT -I/usr/X11R6/include -D_FILE_OFFSET_BITS=64 -D_LARGE_FILES -D__WXGTK__ -DGTK_NO_CHECK_CASTS -D_IODBC_ -O2 -MMD -pthread -Wall -fno-exceptions -fno-check-new  conftest.cc 1>&5
ltconfig:1427: eval "/usr/bin/nm -B conftest.o | sed -n -e 's/^.*[ 	]\([ABCDGISTW]\)[ 	][ 	]*\(\)\([_A-Za-z][_A-Za-z0-9]*\)$/\1 \2\3 \3/p' > conftest.nm"
ltconfig:1479: c++ -o conftest -O2 -O0 -g3 -I/home/hfs/wxGTK-2.4.2/lib/wx/include/gtk-2.4 -I/home/hfs/wxGTK-2.4.2/include -I/usr/include/gtk-1.2 -I/usr/include/glib-1.2 -I/usr/lib/glib/include -D_REENTRANT -I/usr/X11R6/include -D_FILE_OFFSET_BITS=64 -D_LARGE_FILES -D__WXGTK__ -DGTK_NO_CHECK_CASTS -D_IODBC_ -O2 -MMD -pthread -Wall -fno-exceptions -fno-check-new -fno-builtin -fno-rtti -fno-exceptions  -pthread -Wl,--version-script,/home/hfs/wxGTK-2.4.2/version-script -L/usr/X11R6/lib -lgtk -lgdk -rdynamic -lgmodule -lgthread -lglib -lpthread -ldl -lXi -lXext -lX11 -lm -lpng -ljpeg -ltiff -lz -ldl -lm conftest.cc conftstm.o 1>&5
ltconfig:1863: checking for dlfcn.h
ltconfig:1902: checking whether a program can dlopen itself
ltconfig:1976: checking whether a statically linked program can dlopen itself
configure:3882: checking for object suffix
configure:3908: checking for executable suffix
configure:4050: checking for extra includes
configure:4081: checking for extra libs
configure:4140: checking if plivrusgtk should be compiled
